Removing stale (exited) docker containers...
896785e2b5fa
c34db2b708a6
fb75a6e6d112
f1f01a531ca9
cf1e48c1030c
87b267b1701d
404e9c04e263
b753108e31ce
7d47eec38fc4
86d79e21af3a
a8cbe3ddf5ed
83d233ad3e6a
5c8a10f0bc51
a5e22ae29aae
9302c31db957
0db1fd9ecd13
3152500ad646
6afb502952da
6f813b49a982
ae2ee58ac58e
6a6b2a78d699
4e06fa816e73
5274998fc29e
d4c49c0d303b
06ae3e8ae236
1e86d42111e0
f87586e56cc5
eb0e955486c9
8f01a21f2e2b
4b9813d6cc7a
4cc31d0c5f9f
711e638bb69a
7adc1c4ceb40
bd381574ef98
19272ed6cfc4
415c2360fab4
4686bd36b8bd
b1f4dfd441c3
1192868b48d4
fe6d7c990651
f84a14356a38
c2dc13e57410
Connection 'eth1.5' (ed488a0f-8b03-48c5-b2e7-3b0a7eb42136) successfully added.
Connection successfully activated (D-Bus active path: /org/freedesktop/NetworkManager/ActiveConnection/4)
NAME    UUID                                  TYPE      DEVICE 
eth0    5fb06bd0-0bb0-7ffb-45f1-d6edd65f3e03  ethernet  eth0   
eth1    9c92fad9-6ecb-3e6c-eb4d-8a47c6f50c04  ethernet  eth1   
eth1.5  ed488a0f-8b03-48c5-b2e7-3b0a7eb42136  vlan      eth1.5 
Configuring POSTROUTING SNAT for eth0
[[ Kubernetes API Healthcheck ]]
socket [ localhost:6443 ] api [ healthy ]
Clearing [ NodeAffinity ] errored pods
No resources found
Restarting MetalLB with new IP [ 10.79.230.11 ]
apiVersion: v1
kind: ConfigMap
metadata:
  namespace: metallb-system
  name: config
data:
  config: |
    address-pools:
    - name: default
      protocol: layer2
      addresses:
      - 10.79.230.11/32
configmap/config configured
pod "controller-6b78bff7d9-7lc58" deleted
pod "speaker-w9xt5" deleted
